<?xml version="1.0" encoding="UTF-8"?>
<!-- Generated by org.testng.reporters.JUnitReportReporter -->
<testsuite hostname="DESKTOP-E90TV01" failures="0" tests="1" name="com.vcentry.lab.inputReader.InputReader" time="3.413" errors="0" timestamp="2023-02-07T18:51:03 IST" skipped="0">
  <testcase classname="com.vcentry.lab.inputReader.InputReader" name="getRunMode" time="3.413"/>
  <system-out/>
</testsuite> <!-- com.vcentry.lab.inputReader.InputReader -->
